  AutoComplete.cxx
  CallTip.cxx
  CaseConvert.cxx
  CaseFolder.cxx
  CellBuffer.cxx
  CharacterCategory.cxx
  CharacterSet.cxx
  CharClassify.cxx
  ContractionState.cxx
  DBCS.cxx
  Decoration.cxx
  Document.cxx
  EditModel.cxx
  Editor.cxx
  EditView.cxx
  Indicator.cxx
  KeyMap.cxx
  LineMarker.cxx
  MarginView.cxx
  PerLine.cxx
  PositionCache.cxx
  RESearch.cxx
  RunStyles.cxx
  ScintillaBase.cxx
  Selection.cxx
  Style.cxx
  UniConversion.cxx
  UniqueString.cxx
  ViewStyle.cxx
  XPM.cxx
  wx_wxscintilla.vcxproj -> C:\dev\ShoppingList\Dependencies\wxWidgets\lib\vc_lib\wxscintillad.lib
