  LexillaAccess.cxx
  LexA68k.cxx
  LexAbaqus.cxx
  LexAda.cxx
  LexAsciidoc.cxx
  LexAPDL.cxx
  LexAsm.cxx
  LexAsn1.cxx
  LexASY.cxx
  LexAU3.cxx
  LexAVE.cxx
  LexAVS.cxx
  LexBaan.cxx
  LexBash.cxx
  LexBasic.cxx
  LexBatch.cxx
  LexBibTeX.cxx
  LexBullant.cxx
  LexCaml.cxx
  LexCIL.cxx
  LexCLW.cxx
  LexCmake.cxx
  LexCOBOL.cxx
  LexCoffeeScript.cxx
  LexConf.cxx
  LexCPP.cxx
  LexCrontab.cxx
  LexCsound.cxx
  LexCSS.cxx
  LexD.cxx
  LexDataflex.cxx
  LexDiff.cxx
  LexDMAP.cxx
  LexDMIS.cxx
  LexDart.cxx
  LexECL.cxx
  LexEDIFACT.cxx
  LexEiffel.cxx
  LexErlang.cxx
  LexErrorList.cxx
  LexEScript.cxx
  LexFlagship.cxx
  LexForth.cxx
  LexFortran.cxx
  LexFSharp.cxx
  LexGAP.cxx
  LexGDScript.cxx
  LexGui4Cli.cxx
  LexHaskell.cxx
  LexHex.cxx
  LexHollywood.cxx
  LexHTML.cxx
  LexIndent.cxx
  LexInno.cxx
  LexJSON.cxx
  LexJulia.cxx
  LexKix.cxx
  LexKVIrc.cxx
  LexLaTeX.cxx
  LexLisp.cxx
  LexLout.cxx
  LexLua.cxx
  LexMagik.cxx
  LexMake.cxx
  LexMarkdown.cxx
  LexMatlab.cxx
  LexMaxima.cxx
  LexMetapost.cxx
  LexMMIXAL.cxx
  LexModula.cxx
  LexMPT.cxx
  LexMSSQL.cxx
  LexMySQL.cxx
  LexNim.cxx
  LexNimrod.cxx
  LexNix.cxx
  LexNsis.cxx
  LexNull.cxx
  LexOpal.cxx
  LexOScript.cxx
  LexPascal.cxx
  LexPB.cxx
  LexPerl.cxx
  LexPLM.cxx
  LexPO.cxx
  LexPOV.cxx
  LexPowerPro.cxx
  LexPowerShell.cxx
  LexProgress.cxx
  LexProps.cxx
  LexPS.cxx
  LexPython.cxx
  LexR.cxx
  LexRaku.cxx
  LexRebol.cxx
  LexRegistry.cxx
  LexRuby.cxx
  LexRust.cxx
  LexSAS.cxx
  LexScriptol.cxx
  LexSmalltalk.cxx
  LexSML.cxx
  LexSorcus.cxx
  LexSpecman.cxx
  LexSpice.cxx
  LexSQL.cxx
  LexStata.cxx
  LexSTTXT.cxx
  LexTACL.cxx
  LexTADS3.cxx
  LexTAL.cxx
  LexTCL.cxx
  LexTCMD.cxx
  LexTOML.cxx
  LexTeX.cxx
  LexTroff.cxx
  LexTxt2tags.cxx
  LexVB.cxx
  LexVerilog.cxx
  LexVHDL.cxx
  LexVisualProlog.cxx
  LexX12.cxx
  LexYAML.cxx
  LexZig.cxx
  Accessor.cxx
  DefaultLexer.cxx
  InList.cxx
  LexAccessor.cxx
  LexCharacterCategory.cxx
  LexCharacterSet.cxx
  LexerBase.cxx
  LexerModule.cxx
  LexerSimple.cxx
  PropSetSimple.cxx
  StyleContext.cxx
  WordList.cxx
  Lexilla.cxx
  wx_wxlexilla.vcxproj -> C:\dev\ShoppingList\Dependencies\wxWidgets\lib\vc_lib\wxlexilla.lib
